2021-01-22 00:00:00.204 INFO   org.avengers.capstone.hostelrenting.handler.ScheduledTasks.cleanUpExpiredDeals 144  - There is no expired DEAL
2021-01-22 00:00:00.566 INFO   org.avengers.capstone.hostelrenting.handler.ScheduledTasks.cleanUpExpiredBookings 163  - There is no expired BOOKING
2021-01-22 00:00:00.622 INFO   org.avengers.capstone.hostelrenting.handler.ScheduledTasks.cleanUpExpiredContracts 180  - There is no expire CONTRACT
2021-01-22 00:00:00.684 INFO   org.avengers.capstone.hostelrenting.handler.ScheduledTasks.cleanUpExpiredRequests 198  - There is no expired HOSTEL REQUEST
2021-01-22 00:00:00.744 INFO   org.avengers.capstone.hostelrenting.handler.ScheduledTasks.sendRequestDueTime 215  - There is no in time REQUEST
2021-01-22 00:00:23.548 INFO   org.avengers.capstone.hostelrenting.handler.ScheduledTasks.sendNotificationAboutNearlyExpiringContract 113  - There are 65 nearly expiring contracts
2021-01-22 00:00:23.549 INFO   org.avengers.capstone.hostelrenting.handler.ScheduledTasks.lambda$sendNotificationAboutNearlyExpiringContract$0 128  - f1kcC6pjMhu55I3oNqMqK-:APA91bFZjvwqunM4L4Pukq6rwLVfzrF0I1WAAKJ4ZIN8TIP60unsshVVe5Bn6xYonFxjjlnp48-Po9IT-Yto_Ar5CkScq7f_fwhV7-0wQQXjVaVbp7YNi3ud9hfJ5i4Nu0nUj5r-pLKM
2021-01-22 00:00:24.066 INFO   org.avengers.capstone.hostelrenting.handler.ScheduledTasks.lambda$sendNotificationAboutNearlyExpiringContract$0 132  - frtPe2ChcWCqslrHcVpIlo:APA91bGqJ9W6f-Z2IYvQiGor6xS0ThrU9ajsn-TmY1gnr4uw-YnlzvsF8bbvHFTzwIoFeqKCHAFTGdQgo_lyHl_Tb3spDrCVG36Ll__6liJnbkwRp8XBMozcOc_bWb_0U7luLuXcSGqs
2021-01-22 00:00:24.231 INFO   org.avengers.capstone.hostelrenting.handler.ScheduledTasks.lambda$sendNotificationAboutNearlyExpiringContract$0 128  - evCHrIF7JVKQMI46ocRsHl:APA91bETDy_GpKdN6KlJuixWG73MdYZ4VaYvT0JgRmySvdGiPGMr_smCIuiK0wak5ci083ibmyji_w6ac65LasBYbKt0OssUNvOaDDka8DKI-C4RZgnjZu4kLP3CapAzB-vJI4S8570I
2021-01-22 00:00:24.377 INFO   org.avengers.capstone.hostelrenting.handler.ScheduledTasks.lambda$sendNotificationAboutNearlyExpiringContract$0 132  - frtPe2ChcWCqslrHcVpIlo:APA91bGqJ9W6f-Z2IYvQiGor6xS0ThrU9ajsn-TmY1gnr4uw-YnlzvsF8bbvHFTzwIoFeqKCHAFTGdQgo_lyHl_Tb3spDrCVG36Ll__6liJnbkwRp8XBMozcOc_bWb_0U7luLuXcSGqs
2021-01-22 00:00:24.521 INFO   org.avengers.capstone.hostelrenting.handler.ScheduledTasks.lambda$sendNotificationAboutNearlyExpiringContract$0 128  - dummyToken
2021-01-22 00:00:24.683 INFO   org.avengers.capstone.hostelrenting.handler.ScheduledTasks.lambda$sendNotificationAboutNearlyExpiringContract$0 132  - fu67iWv_PtqSOv9b4IhUXq:APA91bEH0YvR9S79OlucyT9CWNJUr2CroDBfI_xa8SlYyXQGeEtCIk4_e5zkcadftba1mAGVWAgb84OJBvioEEkvk2EQCwUzQTjn9igE9D3W0d64Qt3mjwR9siXtpv-IxxzRsat0XIfI
2021-01-22 00:00:24.847 INFO   org.avengers.capstone.hostelrenting.handler.ScheduledTasks.lambda$sendNotificationAboutNearlyExpiringContract$0 128  - dummyToken
2021-01-22 00:00:25.013 INFO   org.avengers.capstone.hostelrenting.handler.ScheduledTasks.lambda$sendNotificationAboutNearlyExpiringContract$0 132  - fu67iWv_PtqSOv9b4IhUXq:APA91bEH0YvR9S79OlucyT9CWNJUr2CroDBfI_xa8SlYyXQGeEtCIk4_e5zkcadftba1mAGVWAgb84OJBvioEEkvk2EQCwUzQTjn9igE9D3W0d64Qt3mjwR9siXtpv-IxxzRsat0XIfI
2021-01-22 00:00:25.166 INFO   org.avengers.capstone.hostelrenting.handler.ScheduledTasks.lambda$sendNotificationAboutNearlyExpiringContract$0 128  - evCHrIF7JVKQMI46ocRsHl:APA91bETDy_GpKdN6KlJuixWG73MdYZ4VaYvT0JgRmySvdGiPGMr_smCIuiK0wak5ci083ibmyji_w6ac65LasBYbKt0OssUNvOaDDka8DKI-C4RZgnjZu4kLP3CapAzB-vJI4S8570I
2021-01-22 00:00:25.338 INFO   org.avengers.capstone.hostelrenting.handler.ScheduledTasks.lambda$sendNotificationAboutNearlyExpiringContract$0 132  - frtPe2ChcWCqslrHcVpIlo:APA91bGqJ9W6f-Z2IYvQiGor6xS0ThrU9ajsn-TmY1gnr4uw-YnlzvsF8bbvHFTzwIoFeqKCHAFTGdQgo_lyHl_Tb3spDrCVG36Ll__6liJnbkwRp8XBMozcOc_bWb_0U7luLuXcSGqs
2021-01-22 00:00:25.500 INFO   org.avengers.capstone.hostelrenting.handler.ScheduledTasks.lambda$sendNotificationAboutNearlyExpiringContract$0 128  - desFolIQNCjUASPuzDZhIc:APA91bG2T0Yur9qS5gC2X75ckyP6zQEuQJmlfAGc3R9QZn0XwKxUJ5GY3YDojVFCAkb-Ji37kdChZ6eszz7kIaLtV89sYolZhco6QcFzQ-Y4W05Akrm1BA9wXC3IJE4skk8NC5LfFLjV
2021-01-22 00:00:25.649 INFO   org.avengers.capstone.hostelrenting.handler.ScheduledTasks.lambda$sendNotificationAboutNearlyExpiringContract$0 132  - frtPe2ChcWCqslrHcVpIlo:APA91bGqJ9W6f-Z2IYvQiGor6xS0ThrU9ajsn-TmY1gnr4uw-YnlzvsF8bbvHFTzwIoFeqKCHAFTGdQgo_lyHl_Tb3spDrCVG36Ll__6liJnbkwRp8XBMozcOc_bWb_0U7luLuXcSGqs
2021-01-22 00:00:25.791 INFO   org.avengers.capstone.hostelrenting.handler.ScheduledTasks.lambda$sendNotificationAboutNearlyExpiringContract$0 128  - dummyToken
2021-01-22 00:00:25.929 INFO   org.avengers.capstone.hostelrenting.handler.ScheduledTasks.lambda$sendNotificationAboutNearlyExpiringContract$0 132  - fu67iWv_PtqSOv9b4IhUXq:APA91bEH0YvR9S79OlucyT9CWNJUr2CroDBfI_xa8SlYyXQGeEtCIk4_e5zkcadftba1mAGVWAgb84OJBvioEEkvk2EQCwUzQTjn9igE9D3W0d64Qt3mjwR9siXtpv-IxxzRsat0XIfI
2021-01-22 00:00:26.076 INFO   org.avengers.capstone.hostelrenting.handler.ScheduledTasks.lambda$sendNotificationAboutNearlyExpiringContract$0 128  - dummyToken
2021-01-22 00:00:26.205 INFO   org.avengers.capstone.hostelrenting.handler.ScheduledTasks.lambda$sendNotificationAboutNearlyExpiringContract$0 132  - fu67iWv_PtqSOv9b4IhUXq:APA91bEH0YvR9S79OlucyT9CWNJUr2CroDBfI_xa8SlYyXQGeEtCIk4_e5zkcadftba1mAGVWAgb84OJBvioEEkvk2EQCwUzQTjn9igE9D3W0d64Qt3mjwR9siXtpv-IxxzRsat0XIfI
2021-01-22 00:00:26.365 INFO   org.avengers.capstone.hostelrenting.handler.ScheduledTasks.lambda$sendNotificationAboutNearlyExpiringContract$0 128  - dummyToken
2021-01-22 00:00:26.508 INFO   org.avengers.capstone.hostelrenting.handler.ScheduledTasks.lambda$sendNotificationAboutNearlyExpiringContract$0 132  - fu67iWv_PtqSOv9b4IhUXq:APA91bEH0YvR9S79OlucyT9CWNJUr2CroDBfI_xa8SlYyXQGeEtCIk4_e5zkcadftba1mAGVWAgb84OJBvioEEkvk2EQCwUzQTjn9igE9D3W0d64Qt3mjwR9siXtpv-IxxzRsat0XIfI
2021-01-22 00:00:26.677 INFO   org.avengers.capstone.hostelrenting.handler.ScheduledTasks.lambda$sendNotificationAboutNearlyExpiringContract$0 128  - dummyToken
2021-01-22 00:00:26.803 INFO   org.avengers.capstone.hostelrenting.handler.ScheduledTasks.lambda$sendNotificationAboutNearlyExpiringContract$0 132  - fu67iWv_PtqSOv9b4IhUXq:APA91bEH0YvR9S79OlucyT9CWNJUr2CroDBfI_xa8SlYyXQGeEtCIk4_e5zkcadftba1mAGVWAgb84OJBvioEEkvk2EQCwUzQTjn9igE9D3W0d64Qt3mjwR9siXtpv-IxxzRsat0XIfI
2021-01-22 00:00:26.967 INFO   org.avengers.capstone.hostelrenting.handler.ScheduledTasks.lambda$sendNotificationAboutNearlyExpiringContract$0 128  - dummyToken
2021-01-22 00:00:27.097 INFO   org.avengers.capstone.hostelrenting.handler.ScheduledTasks.lambda$sendNotificationAboutNearlyExpiringContract$0 132  - fu67iWv_PtqSOv9b4IhUXq:APA91bEH0YvR9S79OlucyT9CWNJUr2CroDBfI_xa8SlYyXQGeEtCIk4_e5zkcadftba1mAGVWAgb84OJBvioEEkvk2EQCwUzQTjn9igE9D3W0d64Qt3mjwR9siXtpv-IxxzRsat0XIfI
2021-01-22 00:00:27.256 INFO   org.avengers.capstone.hostelrenting.handler.ScheduledTasks.lambda$sendNotificationAboutNearlyExpiringContract$0 128  - dummyToken
2021-01-22 00:00:27.384 INFO   org.avengers.capstone.hostelrenting.handler.ScheduledTasks.lambda$sendNotificationAboutNearlyExpiringContract$0 132  - fu67iWv_PtqSOv9b4IhUXq:APA91bEH0YvR9S79OlucyT9CWNJUr2CroDBfI_xa8SlYyXQGeEtCIk4_e5zkcadftba1mAGVWAgb84OJBvioEEkvk2EQCwUzQTjn9igE9D3W0d64Qt3mjwR9siXtpv-IxxzRsat0XIfI
2021-01-22 00:00:27.580 INFO   org.avengers.capstone.hostelrenting.handler.ScheduledTasks.lambda$sendNotificationAboutNearlyExpiringContract$0 128  - dummyToken
2021-01-22 00:00:27.710 INFO   org.avengers.capstone.hostelrenting.handler.ScheduledTasks.lambda$sendNotificationAboutNearlyExpiringContract$0 132  - fu67iWv_PtqSOv9b4IhUXq:APA91bEH0YvR9S79OlucyT9CWNJUr2CroDBfI_xa8SlYyXQGeEtCIk4_e5zkcadftba1mAGVWAgb84OJBvioEEkvk2EQCwUzQTjn9igE9D3W0d64Qt3mjwR9siXtpv-IxxzRsat0XIfI
2021-01-22 00:00:27.861 INFO   org.avengers.capstone.hostelrenting.handler.ScheduledTasks.lambda$sendNotificationAboutNearlyExpiringContract$0 128  - dummyToken
2021-01-22 00:00:27.991 INFO   org.avengers.capstone.hostelrenting.handler.ScheduledTasks.lambda$sendNotificationAboutNearlyExpiringContract$0 132  - fu67iWv_PtqSOv9b4IhUXq:APA91bEH0YvR9S79OlucyT9CWNJUr2CroDBfI_xa8SlYyXQGeEtCIk4_e5zkcadftba1mAGVWAgb84OJBvioEEkvk2EQCwUzQTjn9igE9D3W0d64Qt3mjwR9siXtpv-IxxzRsat0XIfI
2021-01-22 00:00:28.146 INFO   org.avengers.capstone.hostelrenting.handler.ScheduledTasks.lambda$sendNotificationAboutNearlyExpiringContract$0 128  - dummyToken
2021-01-22 00:00:28.282 INFO   org.avengers.capstone.hostelrenting.handler.ScheduledTasks.lambda$sendNotificationAboutNearlyExpiringContract$0 132  - fu67iWv_PtqSOv9b4IhUXq:APA91bEH0YvR9S79OlucyT9CWNJUr2CroDBfI_xa8SlYyXQGeEtCIk4_e5zkcadftba1mAGVWAgb84OJBvioEEkvk2EQCwUzQTjn9igE9D3W0d64Qt3mjwR9siXtpv-IxxzRsat0XIfI
2021-01-22 00:00:28.437 INFO   org.avengers.capstone.hostelrenting.handler.ScheduledTasks.lambda$sendNotificationAboutNearlyExpiringContract$0 128  - dummyToken
2021-01-22 00:00:28.591 INFO   org.avengers.capstone.hostelrenting.handler.ScheduledTasks.lambda$sendNotificationAboutNearlyExpiringContract$0 132  - fu67iWv_PtqSOv9b4IhUXq:APA91bEH0YvR9S79OlucyT9CWNJUr2CroDBfI_xa8SlYyXQGeEtCIk4_e5zkcadftba1mAGVWAgb84OJBvioEEkvk2EQCwUzQTjn9igE9D3W0d64Qt3mjwR9siXtpv-IxxzRsat0XIfI
2021-01-22 00:00:28.746 INFO   org.avengers.capstone.hostelrenting.handler.ScheduledTasks.lambda$sendNotificationAboutNearlyExpiringContract$0 128  - dummyToken
2021-01-22 00:00:28.897 INFO   org.avengers.capstone.hostelrenting.handler.ScheduledTasks.lambda$sendNotificationAboutNearlyExpiringContract$0 132  - fu67iWv_PtqSOv9b4IhUXq:APA91bEH0YvR9S79OlucyT9CWNJUr2CroDBfI_xa8SlYyXQGeEtCIk4_e5zkcadftba1mAGVWAgb84OJBvioEEkvk2EQCwUzQTjn9igE9D3W0d64Qt3mjwR9siXtpv-IxxzRsat0XIfI
2021-01-22 00:00:29.039 INFO   org.avengers.capstone.hostelrenting.handler.ScheduledTasks.lambda$sendNotificationAboutNearlyExpiringContract$0 128  - dummyToken
2021-01-22 00:00:29.179 INFO   org.avengers.capstone.hostelrenting.handler.ScheduledTasks.lambda$sendNotificationAboutNearlyExpiringContract$0 132  - fu67iWv_PtqSOv9b4IhUXq:APA91bEH0YvR9S79OlucyT9CWNJUr2CroDBfI_xa8SlYyXQGeEtCIk4_e5zkcadftba1mAGVWAgb84OJBvioEEkvk2EQCwUzQTjn9igE9D3W0d64Qt3mjwR9siXtpv-IxxzRsat0XIfI
2021-01-22 00:00:29.322 INFO   org.avengers.capstone.hostelrenting.handler.ScheduledTasks.lambda$sendNotificationAboutNearlyExpiringContract$0 128  - dummyToken
2021-01-22 00:00:29.470 INFO   org.avengers.capstone.hostelrenting.handler.ScheduledTasks.lambda$sendNotificationAboutNearlyExpiringContract$0 132  - fu67iWv_PtqSOv9b4IhUXq:APA91bEH0YvR9S79OlucyT9CWNJUr2CroDBfI_xa8SlYyXQGeEtCIk4_e5zkcadftba1mAGVWAgb84OJBvioEEkvk2EQCwUzQTjn9igE9D3W0d64Qt3mjwR9siXtpv-IxxzRsat0XIfI
2021-01-22 00:00:29.622 INFO   org.avengers.capstone.hostelrenting.handler.ScheduledTasks.lambda$sendNotificationAboutNearlyExpiringContract$0 128  - dummyToken
2021-01-22 00:00:29.739 INFO   org.avengers.capstone.hostelrenting.handler.ScheduledTasks.lambda$sendNotificationAboutNearlyExpiringContract$0 132  - fu67iWv_PtqSOv9b4IhUXq:APA91bEH0YvR9S79OlucyT9CWNJUr2CroDBfI_xa8SlYyXQGeEtCIk4_e5zkcadftba1mAGVWAgb84OJBvioEEkvk2EQCwUzQTjn9igE9D3W0d64Qt3mjwR9siXtpv-IxxzRsat0XIfI
2021-01-22 00:00:29.926 INFO   org.avengers.capstone.hostelrenting.handler.ScheduledTasks.lambda$sendNotificationAboutNearlyExpiringContract$0 128  - dummyToken
2021-01-22 00:00:30.061 INFO   org.avengers.capstone.hostelrenting.handler.ScheduledTasks.lambda$sendNotificationAboutNearlyExpiringContract$0 132  - fu67iWv_PtqSOv9b4IhUXq:APA91bEH0YvR9S79OlucyT9CWNJUr2CroDBfI_xa8SlYyXQGeEtCIk4_e5zkcadftba1mAGVWAgb84OJBvioEEkvk2EQCwUzQTjn9igE9D3W0d64Qt3mjwR9siXtpv-IxxzRsat0XIfI
2021-01-22 00:00:30.218 INFO   org.avengers.capstone.hostelrenting.handler.ScheduledTasks.lambda$sendNotificationAboutNearlyExpiringContract$0 128  - dummyToken
2021-01-22 00:00:30.343 INFO   org.avengers.capstone.hostelrenting.handler.ScheduledTasks.lambda$sendNotificationAboutNearlyExpiringContract$0 132  - fu67iWv_PtqSOv9b4IhUXq:APA91bEH0YvR9S79OlucyT9CWNJUr2CroDBfI_xa8SlYyXQGeEtCIk4_e5zkcadftba1mAGVWAgb84OJBvioEEkvk2EQCwUzQTjn9igE9D3W0d64Qt3mjwR9siXtpv-IxxzRsat0XIfI
2021-01-22 00:00:30.503 INFO   org.avengers.capstone.hostelrenting.handler.ScheduledTasks.lambda$sendNotificationAboutNearlyExpiringContract$0 128  - dummyToken
2021-01-22 00:00:30.621 INFO   org.avengers.capstone.hostelrenting.handler.ScheduledTasks.lambda$sendNotificationAboutNearlyExpiringContract$0 132  - fu67iWv_PtqSOv9b4IhUXq:APA91bEH0YvR9S79OlucyT9CWNJUr2CroDBfI_xa8SlYyXQGeEtCIk4_e5zkcadftba1mAGVWAgb84OJBvioEEkvk2EQCwUzQTjn9igE9D3W0d64Qt3mjwR9siXtpv-IxxzRsat0XIfI
2021-01-22 00:00:30.791 INFO   org.avengers.capstone.hostelrenting.handler.ScheduledTasks.lambda$sendNotificationAboutNearlyExpiringContract$0 128  - dummyToken
2021-01-22 00:00:30.916 INFO   org.avengers.capstone.hostelrenting.handler.ScheduledTasks.lambda$sendNotificationAboutNearlyExpiringContract$0 132  - fu67iWv_PtqSOv9b4IhUXq:APA91bEH0YvR9S79OlucyT9CWNJUr2CroDBfI_xa8SlYyXQGeEtCIk4_e5zkcadftba1mAGVWAgb84OJBvioEEkvk2EQCwUzQTjn9igE9D3W0d64Qt3mjwR9siXtpv-IxxzRsat0XIfI
2021-01-22 00:00:31.057 INFO   org.avengers.capstone.hostelrenting.handler.ScheduledTasks.lambda$sendNotificationAboutNearlyExpiringContract$0 128  - dummyToken
2021-01-22 00:00:31.209 INFO   org.avengers.capstone.hostelrenting.handler.ScheduledTasks.lambda$sendNotificationAboutNearlyExpiringContract$0 132  - fu67iWv_PtqSOv9b4IhUXq:APA91bEH0YvR9S79OlucyT9CWNJUr2CroDBfI_xa8SlYyXQGeEtCIk4_e5zkcadftba1mAGVWAgb84OJBvioEEkvk2EQCwUzQTjn9igE9D3W0d64Qt3mjwR9siXtpv-IxxzRsat0XIfI
2021-01-22 00:00:31.341 INFO   org.avengers.capstone.hostelrenting.handler.ScheduledTasks.lambda$sendNotificationAboutNearlyExpiringContract$0 128  - dummyToken
2021-01-22 00:00:31.467 INFO   org.avengers.capstone.hostelrenting.handler.ScheduledTasks.lambda$sendNotificationAboutNearlyExpiringContract$0 132  - fu67iWv_PtqSOv9b4IhUXq:APA91bEH0YvR9S79OlucyT9CWNJUr2CroDBfI_xa8SlYyXQGeEtCIk4_e5zkcadftba1mAGVWAgb84OJBvioEEkvk2EQCwUzQTjn9igE9D3W0d64Qt3mjwR9siXtpv-IxxzRsat0XIfI
2021-01-22 00:00:31.605 INFO   org.avengers.capstone.hostelrenting.handler.ScheduledTasks.lambda$sendNotificationAboutNearlyExpiringContract$0 128  - f1kcC6pjMhu55I3oNqMqK-:APA91bFZjvwqunM4L4Pukq6rwLVfzrF0I1WAAKJ4ZIN8TIP60unsshVVe5Bn6xYonFxjjlnp48-Po9IT-Yto_Ar5CkScq7f_fwhV7-0wQQXjVaVbp7YNi3ud9hfJ5i4Nu0nUj5r-pLKM
2021-01-22 00:00:31.726 INFO   org.avengers.capstone.hostelrenting.handler.ScheduledTasks.lambda$sendNotificationAboutNearlyExpiringContract$0 132  - fu67iWv_PtqSOv9b4IhUXq:APA91bEH0YvR9S79OlucyT9CWNJUr2CroDBfI_xa8SlYyXQGeEtCIk4_e5zkcadftba1mAGVWAgb84OJBvioEEkvk2EQCwUzQTjn9igE9D3W0d64Qt3mjwR9siXtpv-IxxzRsat0XIfI
2021-01-22 00:00:31.863 INFO   org.avengers.capstone.hostelrenting.handler.ScheduledTasks.lambda$sendNotificationAboutNearlyExpiringContract$0 128  - dummyToken
2021-01-22 00:00:32.017 INFO   org.avengers.capstone.hostelrenting.handler.ScheduledTasks.lambda$sendNotificationAboutNearlyExpiringContract$0 132  - fu67iWv_PtqSOv9b4IhUXq:APA91bEH0YvR9S79OlucyT9CWNJUr2CroDBfI_xa8SlYyXQGeEtCIk4_e5zkcadftba1mAGVWAgb84OJBvioEEkvk2EQCwUzQTjn9igE9D3W0d64Qt3mjwR9siXtpv-IxxzRsat0XIfI
2021-01-22 00:00:32.152 INFO   org.avengers.capstone.hostelrenting.handler.ScheduledTasks.lambda$sendNotificationAboutNearlyExpiringContract$0 128  - dummyToken
2021-01-22 00:00:32.296 INFO   org.avengers.capstone.hostelrenting.handler.ScheduledTasks.lambda$sendNotificationAboutNearlyExpiringContract$0 132  - fu67iWv_PtqSOv9b4IhUXq:APA91bEH0YvR9S79OlucyT9CWNJUr2CroDBfI_xa8SlYyXQGeEtCIk4_e5zkcadftba1mAGVWAgb84OJBvioEEkvk2EQCwUzQTjn9igE9D3W0d64Qt3mjwR9siXtpv-IxxzRsat0XIfI
2021-01-22 00:00:32.437 INFO   org.avengers.capstone.hostelrenting.handler.ScheduledTasks.lambda$sendNotificationAboutNearlyExpiringContract$0 128  - dummyToken
2021-01-22 00:00:32.550 INFO   org.avengers.capstone.hostelrenting.handler.ScheduledTasks.lambda$sendNotificationAboutNearlyExpiringContract$0 132  - fu67iWv_PtqSOv9b4IhUXq:APA91bEH0YvR9S79OlucyT9CWNJUr2CroDBfI_xa8SlYyXQGeEtCIk4_e5zkcadftba1mAGVWAgb84OJBvioEEkvk2EQCwUzQTjn9igE9D3W0d64Qt3mjwR9siXtpv-IxxzRsat0XIfI
2021-01-22 00:00:32.725 INFO   org.avengers.capstone.hostelrenting.handler.ScheduledTasks.lambda$sendNotificationAboutNearlyExpiringContract$0 128  - dummyToken
2021-01-22 00:00:32.852 INFO   org.avengers.capstone.hostelrenting.handler.ScheduledTasks.lambda$sendNotificationAboutNearlyExpiringContract$0 132  - fu67iWv_PtqSOv9b4IhUXq:APA91bEH0YvR9S79OlucyT9CWNJUr2CroDBfI_xa8SlYyXQGeEtCIk4_e5zkcadftba1mAGVWAgb84OJBvioEEkvk2EQCwUzQTjn9igE9D3W0d64Qt3mjwR9siXtpv-IxxzRsat0XIfI
2021-01-22 00:00:33.040 INFO   org.avengers.capstone.hostelrenting.handler.ScheduledTasks.lambda$sendNotificationAboutNearlyExpiringContract$0 128  - dummyToken
2021-01-22 00:00:33.163 INFO   org.avengers.capstone.hostelrenting.handler.ScheduledTasks.lambda$sendNotificationAboutNearlyExpiringContract$0 132  - fu67iWv_PtqSOv9b4IhUXq:APA91bEH0YvR9S79OlucyT9CWNJUr2CroDBfI_xa8SlYyXQGeEtCIk4_e5zkcadftba1mAGVWAgb84OJBvioEEkvk2EQCwUzQTjn9igE9D3W0d64Qt3mjwR9siXtpv-IxxzRsat0XIfI
2021-01-22 00:00:33.306 INFO   org.avengers.capstone.hostelrenting.handler.ScheduledTasks.lambda$sendNotificationAboutNearlyExpiringContract$0 128  - dummyToken
2021-01-22 00:00:33.419 INFO   org.avengers.capstone.hostelrenting.handler.ScheduledTasks.lambda$sendNotificationAboutNearlyExpiringContract$0 132  - fu67iWv_PtqSOv9b4IhUXq:APA91bEH0YvR9S79OlucyT9CWNJUr2CroDBfI_xa8SlYyXQGeEtCIk4_e5zkcadftba1mAGVWAgb84OJBvioEEkvk2EQCwUzQTjn9igE9D3W0d64Qt3mjwR9siXtpv-IxxzRsat0XIfI
2021-01-22 00:00:33.593 INFO   org.avengers.capstone.hostelrenting.handler.ScheduledTasks.lambda$sendNotificationAboutNearlyExpiringContract$0 128  - dummyToken
2021-01-22 00:00:33.709 INFO   org.avengers.capstone.hostelrenting.handler.ScheduledTasks.lambda$sendNotificationAboutNearlyExpiringContract$0 132  - fu67iWv_PtqSOv9b4IhUXq:APA91bEH0YvR9S79OlucyT9CWNJUr2CroDBfI_xa8SlYyXQGeEtCIk4_e5zkcadftba1mAGVWAgb84OJBvioEEkvk2EQCwUzQTjn9igE9D3W0d64Qt3mjwR9siXtpv-IxxzRsat0XIfI
2021-01-22 00:00:33.881 INFO   org.avengers.capstone.hostelrenting.handler.ScheduledTasks.lambda$sendNotificationAboutNearlyExpiringContract$0 128  - dummyToken
2021-01-22 00:00:34.005 INFO   org.avengers.capstone.hostelrenting.handler.ScheduledTasks.lambda$sendNotificationAboutNearlyExpiringContract$0 132  - fu67iWv_PtqSOv9b4IhUXq:APA91bEH0YvR9S79OlucyT9CWNJUr2CroDBfI_xa8SlYyXQGeEtCIk4_e5zkcadftba1mAGVWAgb84OJBvioEEkvk2EQCwUzQTjn9igE9D3W0d64Qt3mjwR9siXtpv-IxxzRsat0XIfI
2021-01-22 00:00:34.193 INFO   org.avengers.capstone.hostelrenting.handler.ScheduledTasks.lambda$sendNotificationAboutNearlyExpiringContract$0 128  - dummyToken
2021-01-22 00:00:34.311 INFO   org.avengers.capstone.hostelrenting.handler.ScheduledTasks.lambda$sendNotificationAboutNearlyExpiringContract$0 132  - fu67iWv_PtqSOv9b4IhUXq:APA91bEH0YvR9S79OlucyT9CWNJUr2CroDBfI_xa8SlYyXQGeEtCIk4_e5zkcadftba1mAGVWAgb84OJBvioEEkvk2EQCwUzQTjn9igE9D3W0d64Qt3mjwR9siXtpv-IxxzRsat0XIfI
2021-01-22 00:00:34.454 INFO   org.avengers.capstone.hostelrenting.handler.ScheduledTasks.lambda$sendNotificationAboutNearlyExpiringContract$0 128  - dummyToken
2021-01-22 00:00:34.564 INFO   org.avengers.capstone.hostelrenting.handler.ScheduledTasks.lambda$sendNotificationAboutNearlyExpiringContract$0 132  - fu67iWv_PtqSOv9b4IhUXq:APA91bEH0YvR9S79OlucyT9CWNJUr2CroDBfI_xa8SlYyXQGeEtCIk4_e5zkcadftba1mAGVWAgb84OJBvioEEkvk2EQCwUzQTjn9igE9D3W0d64Qt3mjwR9siXtpv-IxxzRsat0XIfI
2021-01-22 00:00:34.716 INFO   org.avengers.capstone.hostelrenting.handler.ScheduledTasks.lambda$sendNotificationAboutNearlyExpiringContract$0 128  - dummyToken
2021-01-22 00:00:34.827 INFO   org.avengers.capstone.hostelrenting.handler.ScheduledTasks.lambda$sendNotificationAboutNearlyExpiringContract$0 132  - fu67iWv_PtqSOv9b4IhUXq:APA91bEH0YvR9S79OlucyT9CWNJUr2CroDBfI_xa8SlYyXQGeEtCIk4_e5zkcadftba1mAGVWAgb84OJBvioEEkvk2EQCwUzQTjn9igE9D3W0d64Qt3mjwR9siXtpv-IxxzRsat0XIfI
2021-01-22 00:00:34.976 INFO   org.avengers.capstone.hostelrenting.handler.ScheduledTasks.lambda$sendNotificationAboutNearlyExpiringContract$0 128  - dummyToken
2021-01-22 00:00:35.089 INFO   org.avengers.capstone.hostelrenting.handler.ScheduledTasks.lambda$sendNotificationAboutNearlyExpiringContract$0 132  - fu67iWv_PtqSOv9b4IhUXq:APA91bEH0YvR9S79OlucyT9CWNJUr2CroDBfI_xa8SlYyXQGeEtCIk4_e5zkcadftba1mAGVWAgb84OJBvioEEkvk2EQCwUzQTjn9igE9D3W0d64Qt3mjwR9siXtpv-IxxzRsat0XIfI
2021-01-22 00:00:35.316 INFO   org.avengers.capstone.hostelrenting.handler.ScheduledTasks.lambda$sendNotificationAboutNearlyExpiringContract$0 128  - dummyToken
2021-01-22 00:00:35.444 INFO   org.avengers.capstone.hostelrenting.handler.ScheduledTasks.lambda$sendNotificationAboutNearlyExpiringContract$0 132  - fu67iWv_PtqSOv9b4IhUXq:APA91bEH0YvR9S79OlucyT9CWNJUr2CroDBfI_xa8SlYyXQGeEtCIk4_e5zkcadftba1mAGVWAgb84OJBvioEEkvk2EQCwUzQTjn9igE9D3W0d64Qt3mjwR9siXtpv-IxxzRsat0XIfI
2021-01-22 00:00:35.578 INFO   org.avengers.capstone.hostelrenting.handler.ScheduledTasks.lambda$sendNotificationAboutNearlyExpiringContract$0 128  - dummyToken
2021-01-22 00:00:35.691 INFO   org.avengers.capstone.hostelrenting.handler.ScheduledTasks.lambda$sendNotificationAboutNearlyExpiringContract$0 132  - fu67iWv_PtqSOv9b4IhUXq:APA91bEH0YvR9S79OlucyT9CWNJUr2CroDBfI_xa8SlYyXQGeEtCIk4_e5zkcadftba1mAGVWAgb84OJBvioEEkvk2EQCwUzQTjn9igE9D3W0d64Qt3mjwR9siXtpv-IxxzRsat0XIfI
2021-01-22 00:00:35.842 INFO   org.avengers.capstone.hostelrenting.handler.ScheduledTasks.lambda$sendNotificationAboutNearlyExpiringContract$0 128  - dummyToken
2021-01-22 00:00:35.996 INFO   org.avengers.capstone.hostelrenting.handler.ScheduledTasks.lambda$sendNotificationAboutNearlyExpiringContract$0 132  - fu67iWv_PtqSOv9b4IhUXq:APA91bEH0YvR9S79OlucyT9CWNJUr2CroDBfI_xa8SlYyXQGeEtCIk4_e5zkcadftba1mAGVWAgb84OJBvioEEkvk2EQCwUzQTjn9igE9D3W0d64Qt3mjwR9siXtpv-IxxzRsat0XIfI
2021-01-22 00:00:36.152 INFO   org.avengers.capstone.hostelrenting.handler.ScheduledTasks.lambda$sendNotificationAboutNearlyExpiringContract$0 128  - desFolIQNCjUASPuzDZhIc:APA91bG2T0Yur9qS5gC2X75ckyP6zQEuQJmlfAGc3R9QZn0XwKxUJ5GY3YDojVFCAkb-Ji37kdChZ6eszz7kIaLtV89sYolZhco6QcFzQ-Y4W05Akrm1BA9wXC3IJE4skk8NC5LfFLjV
2021-01-22 00:00:36.283 INFO   org.avengers.capstone.hostelrenting.handler.ScheduledTasks.lambda$sendNotificationAboutNearlyExpiringContract$0 132  - fu67iWv_PtqSOv9b4IhUXq:APA91bEH0YvR9S79OlucyT9CWNJUr2CroDBfI_xa8SlYyXQGeEtCIk4_e5zkcadftba1mAGVWAgb84OJBvioEEkvk2EQCwUzQTjn9igE9D3W0d64Qt3mjwR9siXtpv-IxxzRsat0XIfI
2021-01-22 00:00:36.440 INFO   org.avengers.capstone.hostelrenting.handler.ScheduledTasks.lambda$sendNotificationAboutNearlyExpiringContract$0 128  - dummyToken
2021-01-22 00:00:36.552 INFO   org.avengers.capstone.hostelrenting.handler.ScheduledTasks.lambda$sendNotificationAboutNearlyExpiringContract$0 132  - fu67iWv_PtqSOv9b4IhUXq:APA91bEH0YvR9S79OlucyT9CWNJUr2CroDBfI_xa8SlYyXQGeEtCIk4_e5zkcadftba1mAGVWAgb84OJBvioEEkvk2EQCwUzQTjn9igE9D3W0d64Qt3mjwR9siXtpv-IxxzRsat0XIfI
2021-01-22 00:00:36.709 INFO   org.avengers.capstone.hostelrenting.handler.ScheduledTasks.lambda$sendNotificationAboutNearlyExpiringContract$0 128  - dummyToken
2021-01-22 00:00:36.841 INFO   org.avengers.capstone.hostelrenting.handler.ScheduledTasks.lambda$sendNotificationAboutNearlyExpiringContract$0 132  - fu67iWv_PtqSOv9b4IhUXq:APA91bEH0YvR9S79OlucyT9CWNJUr2CroDBfI_xa8SlYyXQGeEtCIk4_e5zkcadftba1mAGVWAgb84OJBvioEEkvk2EQCwUzQTjn9igE9D3W0d64Qt3mjwR9siXtpv-IxxzRsat0XIfI
2021-01-22 00:00:36.989 INFO   org.avengers.capstone.hostelrenting.handler.ScheduledTasks.lambda$sendNotificationAboutNearlyExpiringContract$0 128  - evCHrIF7JVKQMI46ocRsHl:APA91bETDy_GpKdN6KlJuixWG73MdYZ4VaYvT0JgRmySvdGiPGMr_smCIuiK0wak5ci083ibmyji_w6ac65LasBYbKt0OssUNvOaDDka8DKI-C4RZgnjZu4kLP3CapAzB-vJI4S8570I
2021-01-22 00:00:37.127 INFO   org.avengers.capstone.hostelrenting.handler.ScheduledTasks.lambda$sendNotificationAboutNearlyExpiringContract$0 132  - fu67iWv_PtqSOv9b4IhUXq:APA91bEH0YvR9S79OlucyT9CWNJUr2CroDBfI_xa8SlYyXQGeEtCIk4_e5zkcadftba1mAGVWAgb84OJBvioEEkvk2EQCwUzQTjn9igE9D3W0d64Qt3mjwR9siXtpv-IxxzRsat0XIfI
2021-01-22 00:00:37.280 INFO   org.avengers.capstone.hostelrenting.handler.ScheduledTasks.lambda$sendNotificationAboutNearlyExpiringContract$0 128  - dummyToken
2021-01-22 00:00:37.393 INFO   org.avengers.capstone.hostelrenting.handler.ScheduledTasks.lambda$sendNotificationAboutNearlyExpiringContract$0 132  - fu67iWv_PtqSOv9b4IhUXq:APA91bEH0YvR9S79OlucyT9CWNJUr2CroDBfI_xa8SlYyXQGeEtCIk4_e5zkcadftba1mAGVWAgb84OJBvioEEkvk2EQCwUzQTjn9igE9D3W0d64Qt3mjwR9siXtpv-IxxzRsat0XIfI
2021-01-22 00:00:37.512 INFO   org.avengers.capstone.hostelrenting.handler.ScheduledTasks.lambda$sendNotificationAboutNearlyExpiringContract$0 128  - dummyToken
2021-01-22 00:00:37.640 INFO   org.avengers.capstone.hostelrenting.handler.ScheduledTasks.lambda$sendNotificationAboutNearlyExpiringContract$0 132  - fu67iWv_PtqSOv9b4IhUXq:APA91bEH0YvR9S79OlucyT9CWNJUr2CroDBfI_xa8SlYyXQGeEtCIk4_e5zkcadftba1mAGVWAgb84OJBvioEEkvk2EQCwUzQTjn9igE9D3W0d64Qt3mjwR9siXtpv-IxxzRsat0XIfI
2021-01-22 00:00:37.805 INFO   org.avengers.capstone.hostelrenting.handler.ScheduledTasks.lambda$sendNotificationAboutNearlyExpiringContract$0 128  - dummyToken
2021-01-22 00:00:37.947 INFO   org.avengers.capstone.hostelrenting.handler.ScheduledTasks.lambda$sendNotificationAboutNearlyExpiringContract$0 132  - fu67iWv_PtqSOv9b4IhUXq:APA91bEH0YvR9S79OlucyT9CWNJUr2CroDBfI_xa8SlYyXQGeEtCIk4_e5zkcadftba1mAGVWAgb84OJBvioEEkvk2EQCwUzQTjn9igE9D3W0d64Qt3mjwR9siXtpv-IxxzRsat0XIfI
2021-01-22 00:00:38.121 INFO   org.avengers.capstone.hostelrenting.handler.ScheduledTasks.lambda$sendNotificationAboutNearlyExpiringContract$0 128  - dummyToken
2021-01-22 00:00:38.239 INFO   org.avengers.capstone.hostelrenting.handler.ScheduledTasks.lambda$sendNotificationAboutNearlyExpiringContract$0 132  - fu67iWv_PtqSOv9b4IhUXq:APA91bEH0YvR9S79OlucyT9CWNJUr2CroDBfI_xa8SlYyXQGeEtCIk4_e5zkcadftba1mAGVWAgb84OJBvioEEkvk2EQCwUzQTjn9igE9D3W0d64Qt3mjwR9siXtpv-IxxzRsat0XIfI
2021-01-22 00:00:38.377 INFO   org.avengers.capstone.hostelrenting.handler.ScheduledTasks.lambda$sendNotificationAboutNearlyExpiringContract$0 128  - dummyToken
2021-01-22 00:00:38.491 INFO   org.avengers.capstone.hostelrenting.handler.ScheduledTasks.lambda$sendNotificationAboutNearlyExpiringContract$0 132  - fu67iWv_PtqSOv9b4IhUXq:APA91bEH0YvR9S79OlucyT9CWNJUr2CroDBfI_xa8SlYyXQGeEtCIk4_e5zkcadftba1mAGVWAgb84OJBvioEEkvk2EQCwUzQTjn9igE9D3W0d64Qt3mjwR9siXtpv-IxxzRsat0XIfI
2021-01-22 00:00:38.647 INFO   org.avengers.capstone.hostelrenting.handler.ScheduledTasks.lambda$sendNotificationAboutNearlyExpiringContract$0 128  - dummyToken
2021-01-22 00:00:38.772 INFO   org.avengers.capstone.hostelrenting.handler.ScheduledTasks.lambda$sendNotificationAboutNearlyExpiringContract$0 132  - fu67iWv_PtqSOv9b4IhUXq:APA91bEH0YvR9S79OlucyT9CWNJUr2CroDBfI_xa8SlYyXQGeEtCIk4_e5zkcadftba1mAGVWAgb84OJBvioEEkvk2EQCwUzQTjn9igE9D3W0d64Qt3mjwR9siXtpv-IxxzRsat0XIfI
2021-01-22 00:00:38.930 INFO   org.avengers.capstone.hostelrenting.handler.ScheduledTasks.lambda$sendNotificationAboutNearlyExpiringContract$0 128  - dummyToken
2021-01-22 00:00:39.046 INFO   org.avengers.capstone.hostelrenting.handler.ScheduledTasks.lambda$sendNotificationAboutNearlyExpiringContract$0 132  - fu67iWv_PtqSOv9b4IhUXq:APA91bEH0YvR9S79OlucyT9CWNJUr2CroDBfI_xa8SlYyXQGeEtCIk4_e5zkcadftba1mAGVWAgb84OJBvioEEkvk2EQCwUzQTjn9igE9D3W0d64Qt3mjwR9siXtpv-IxxzRsat0XIfI
2021-01-22 00:00:39.187 INFO   org.avengers.capstone.hostelrenting.handler.ScheduledTasks.lambda$sendNotificationAboutNearlyExpiringContract$0 128  - dummyToken
2021-01-22 00:00:39.304 INFO   org.avengers.capstone.hostelrenting.handler.ScheduledTasks.lambda$sendNotificationAboutNearlyExpiringContract$0 132  - fu67iWv_PtqSOv9b4IhUXq:APA91bEH0YvR9S79OlucyT9CWNJUr2CroDBfI_xa8SlYyXQGeEtCIk4_e5zkcadftba1mAGVWAgb84OJBvioEEkvk2EQCwUzQTjn9igE9D3W0d64Qt3mjwR9siXtpv-IxxzRsat0XIfI
2021-01-22 00:00:39.422 INFO   org.avengers.capstone.hostelrenting.handler.ScheduledTasks.lambda$sendNotificationAboutNearlyExpiringContract$0 128  - dummyToken
2021-01-22 00:00:39.542 INFO   org.avengers.capstone.hostelrenting.handler.ScheduledTasks.lambda$sendNotificationAboutNearlyExpiringContract$0 132  - fu67iWv_PtqSOv9b4IhUXq:APA91bEH0YvR9S79OlucyT9CWNJUr2CroDBfI_xa8SlYyXQGeEtCIk4_e5zkcadftba1mAGVWAgb84OJBvioEEkvk2EQCwUzQTjn9igE9D3W0d64Qt3mjwR9siXtpv-IxxzRsat0XIfI
2021-01-22 00:00:39.686 INFO   org.avengers.capstone.hostelrenting.handler.ScheduledTasks.lambda$sendNotificationAboutNearlyExpiringContract$0 128  - dummyToken
2021-01-22 00:00:39.809 INFO   org.avengers.capstone.hostelrenting.handler.ScheduledTasks.lambda$sendNotificationAboutNearlyExpiringContract$0 132  - fu67iWv_PtqSOv9b4IhUXq:APA91bEH0YvR9S79OlucyT9CWNJUr2CroDBfI_xa8SlYyXQGeEtCIk4_e5zkcadftba1mAGVWAgb84OJBvioEEkvk2EQCwUzQTjn9igE9D3W0d64Qt3mjwR9siXtpv-IxxzRsat0XIfI
2021-01-22 00:00:39.953 INFO   org.avengers.capstone.hostelrenting.handler.ScheduledTasks.lambda$sendNotificationAboutNearlyExpiringContract$0 128  - dummyToken
2021-01-22 00:00:40.076 INFO   org.avengers.capstone.hostelrenting.handler.ScheduledTasks.lambda$sendNotificationAboutNearlyExpiringContract$0 132  - fu67iWv_PtqSOv9b4IhUXq:APA91bEH0YvR9S79OlucyT9CWNJUr2CroDBfI_xa8SlYyXQGeEtCIk4_e5zkcadftba1mAGVWAgb84OJBvioEEkvk2EQCwUzQTjn9igE9D3W0d64Qt3mjwR9siXtpv-IxxzRsat0XIfI
2021-01-22 00:00:40.206 INFO   org.avengers.capstone.hostelrenting.handler.ScheduledTasks.lambda$sendNotificationAboutNearlyExpiringContract$0 128  - fu67iWv_PtqSOv9b4IhUXq:APA91bEH0YvR9S79OlucyT9CWNJUr2CroDBfI_xa8SlYyXQGeEtCIk4_e5zkcadftba1mAGVWAgb84OJBvioEEkvk2EQCwUzQTjn9igE9D3W0d64Qt3mjwR9siXtpv-IxxzRsat0XIfI
2021-01-22 00:00:40.337 INFO   org.avengers.capstone.hostelrenting.handler.ScheduledTasks.lambda$sendNotificationAboutNearlyExpiringContract$0 132  - fu67iWv_PtqSOv9b4IhUXq:APA91bEH0YvR9S79OlucyT9CWNJUr2CroDBfI_xa8SlYyXQGeEtCIk4_e5zkcadftba1mAGVWAgb84OJBvioEEkvk2EQCwUzQTjn9igE9D3W0d64Qt3mjwR9siXtpv-IxxzRsat0XIfI
2021-01-22 00:00:40.468 INFO   org.avengers.capstone.hostelrenting.handler.ScheduledTasks.lambda$sendNotificationAboutNearlyExpiringContract$0 128  - dummyToken
2021-01-22 00:00:40.626 INFO   org.avengers.capstone.hostelrenting.handler.ScheduledTasks.lambda$sendNotificationAboutNearlyExpiringContract$0 132  - fu67iWv_PtqSOv9b4IhUXq:APA91bEH0YvR9S79OlucyT9CWNJUr2CroDBfI_xa8SlYyXQGeEtCIk4_e5zkcadftba1mAGVWAgb84OJBvioEEkvk2EQCwUzQTjn9igE9D3W0d64Qt3mjwR9siXtpv-IxxzRsat0XIfI
2021-01-22 00:00:40.833 INFO   org.avengers.capstone.hostelrenting.handler.ScheduledTasks.lambda$sendNotificationAboutNearlyExpiringContract$0 128  - dummyToken
2021-01-22 00:00:40.974 INFO   org.avengers.capstone.hostelrenting.handler.ScheduledTasks.lambda$sendNotificationAboutNearlyExpiringContract$0 132  - fu67iWv_PtqSOv9b4IhUXq:APA91bEH0YvR9S79OlucyT9CWNJUr2CroDBfI_xa8SlYyXQGeEtCIk4_e5zkcadftba1mAGVWAgb84OJBvioEEkvk2EQCwUzQTjn9igE9D3W0d64Qt3mjwR9siXtpv-IxxzRsat0XIfI
2021-01-22 00:00:41.157 INFO   org.avengers.capstone.hostelrenting.handler.ScheduledTasks.lambda$sendNotificationAboutNearlyExpiringContract$0 128  - dummyToken
2021-01-22 00:00:41.288 INFO   org.avengers.capstone.hostelrenting.handler.ScheduledTasks.lambda$sendNotificationAboutNearlyExpiringContract$0 132  - fu67iWv_PtqSOv9b4IhUXq:APA91bEH0YvR9S79OlucyT9CWNJUr2CroDBfI_xa8SlYyXQGeEtCIk4_e5zkcadftba1mAGVWAgb84OJBvioEEkvk2EQCwUzQTjn9igE9D3W0d64Qt3mjwR9siXtpv-IxxzRsat0XIfI
2021-01-22 00:00:41.439 INFO   org.avengers.capstone.hostelrenting.handler.ScheduledTasks.lambda$sendNotificationAboutNearlyExpiringContract$0 128  - dummyToken
2021-01-22 00:00:41.549 INFO   org.avengers.capstone.hostelrenting.handler.ScheduledTasks.lambda$sendNotificationAboutNearlyExpiringContract$0 132  - fu67iWv_PtqSOv9b4IhUXq:APA91bEH0YvR9S79OlucyT9CWNJUr2CroDBfI_xa8SlYyXQGeEtCIk4_e5zkcadftba1mAGVWAgb84OJBvioEEkvk2EQCwUzQTjn9igE9D3W0d64Qt3mjwR9siXtpv-IxxzRsat0XIfI
2021-01-22 00:00:41.700 INFO   org.avengers.capstone.hostelrenting.handler.ScheduledTasks.lambda$sendNotificationAboutNearlyExpiringContract$0 128  - dummyToken
2021-01-22 00:00:41.812 INFO   org.avengers.capstone.hostelrenting.handler.ScheduledTasks.lambda$sendNotificationAboutNearlyExpiringContract$0 132  - fu67iWv_PtqSOv9b4IhUXq:APA91bEH0YvR9S79OlucyT9CWNJUr2CroDBfI_xa8SlYyXQGeEtCIk4_e5zkcadftba1mAGVWAgb84OJBvioEEkvk2EQCwUzQTjn9igE9D3W0d64Qt3mjwR9siXtpv-IxxzRsat0XIfI
2021-01-22 00:00:41.965 INFO   org.avengers.capstone.hostelrenting.handler.ScheduledTasks.lambda$sendNotificationAboutNearlyExpiringContract$0 128  - f1kcC6pjMhu55I3oNqMqK-:APA91bFZjvwqunM4L4Pukq6rwLVfzrF0I1WAAKJ4ZIN8TIP60unsshVVe5Bn6xYonFxjjlnp48-Po9IT-Yto_Ar5CkScq7f_fwhV7-0wQQXjVaVbp7YNi3ud9hfJ5i4Nu0nUj5r-pLKM
2021-01-22 00:00:42.083 INFO   org.avengers.capstone.hostelrenting.handler.ScheduledTasks.lambda$sendNotificationAboutNearlyExpiringContract$0 132  - fu67iWv_PtqSOv9b4IhUXq:APA91bEH0YvR9S79OlucyT9CWNJUr2CroDBfI_xa8SlYyXQGeEtCIk4_e5zkcadftba1mAGVWAgb84OJBvioEEkvk2EQCwUzQTjn9igE9D3W0d64Qt3mjwR9siXtpv-IxxzRsat0XIfI
2021-01-22 00:00:42.223 INFO   org.avengers.capstone.hostelrenting.handler.ScheduledTasks.lambda$sendNotificationAboutNearlyExpiringContract$0 128  - dummyToken
2021-01-22 00:00:42.341 INFO   org.avengers.capstone.hostelrenting.handler.ScheduledTasks.lambda$sendNotificationAboutNearlyExpiringContract$0 132  - fu67iWv_PtqSOv9b4IhUXq:APA91bEH0YvR9S79OlucyT9CWNJUr2CroDBfI_xa8SlYyXQGeEtCIk4_e5zkcadftba1mAGVWAgb84OJBvioEEkvk2EQCwUzQTjn9igE9D3W0d64Qt3mjwR9siXtpv-IxxzRsat0XIfI
